created virtual environment CPython3.11.5.final.0-64 in 1634ms
  creator CPython3Posix(dest=/tmp/ENV, clear=False, no_vcs_ignore=False, global=False)
  seeder FromAppData(download=False, pip=bundle, setuptools=bundle, wheel=bundle, via=copy, app_data_dir=/home/indrisch/.local/share/virtualenv)
    added seed packages: pip==25.3, setuptools==80.7.1, wheel==0.45.1+computecanada
  activators BashActivator,CShellActivator,FishActivator,NushellActivator,PowerShellActivator,PythonActivator
created virtual environment CPython3.11.5.final.0-64 in 1422ms
  creator CPython3Posix(dest=/tmp/ENV, clear=False, no_vcs_ignore=False, global=False)
  seeder FromAppData(download=False, pip=bundle, setuptools=bundle, wheel=bundle, via=copy, app_data_dir=/home/indrisch/.local/share/virtualenv)
    added seed packages: pip==25.3, setuptools==80.7.1, wheel==0.45.1+computecanada
  activators BashActivator,CShellActivator,FishActivator,NushellActivator,PowerShellActivator,PythonActivator
Looking in links: /cvmfs/soft.computecanada.ca/custom/python/wheelhouse/gentoo2023/x86-64-v3, /cvmfs/soft.computecanada.ca/custom/python/wheelhouse/gentoo2023/generic, /cvmfs/soft.computecanada.ca/custom/python/wheelhouse/generic
Requirement already satisfied: pip in /tmp/ENV/lib/python3.11/site-packages (25.3)
Looking in links: /cvmfs/soft.computecanada.ca/custom/python/wheelhouse/gentoo2023/x86-64-v3, /cvmfs/soft.computecanada.ca/custom/python/wheelhouse/gentoo2023/generic, /cvmfs/soft.computecanada.ca/custom/python/wheelhouse/generic
Requirement already satisfied: pip in /tmp/ENV/lib/python3.11/site-packages (25.3)
Looking in links: /cvmfs/soft.computecanada.ca/custom/python/wheelhouse/gentoo2023/x86-64-v3, /cvmfs/soft.computecanada.ca/custom/python/wheelhouse/gentoo2023/generic, /cvmfs/soft.computecanada.ca/custom/python/wheelhouse/generic
Looking in links: /cvmfs/soft.computecanada.ca/custom/python/wheelhouse/gentoo2023/x86-64-v3, /cvmfs/soft.computecanada.ca/custom/python/wheelhouse/gentoo2023/generic, /cvmfs/soft.computecanada.ca/custom/python/wheelhouse/generic
Processing /cvmfs/soft.computecanada.ca/custom/python/wheelhouse/generic/ray-2.49.1+computecanada-cp311-cp311-linux_x86_64.whl
Processing /cvmfs/soft.computecanada.ca/custom/python/wheelhouse/generic/ray-2.49.1+computecanada-cp311-cp311-linux_x86_64.whl
Processing /cvmfs/soft.computecanada.ca/custom/python/wheelhouse/generic/click-8.3.1+computecanada-py3-none-any.whl (from ray)
Processing /cvmfs/soft.computecanada.ca/custom/python/wheelhouse/generic/filelock-3.20.0+computecanada-py3-none-any.whl (from ray)
Processing /cvmfs/soft.computecanada.ca/custom/python/wheelhouse/generic/jsonschema-4.25.1+computecanada-py3-none-any.whl (from ray)
Processing /cvmfs/soft.computecanada.ca/custom/python/wheelhouse/generic/msgpack-1.1.2+computecanada-cp311-cp311-linux_x86_64.whl (from ray)
Requirement already satisfied: packaging in /cvmfs/soft.computecanada.ca/easybuild/software/2023/x86-64-v3/Compiler/gcccore/scipy-stack/2025a/lib/python3.11/site-packages (from ray) (24.2+computecanada)
Processing /cvmfs/soft.computecanada.ca/custom/python/wheelhouse/gentoo2023/x86-64-v3/protobuf-6.33.0+computecanada-cp311-cp311-linux_x86_64.whl (from ray)
Processing /cvmfs/soft.computecanada.ca/custom/python/wheelhouse/gentoo2023/x86-64-v3/PyYAML-6.0.2+computecanada-cp311-cp311-linux_x86_64.whl (from ray)
Processing /cvmfs/soft.computecanada.ca/custom/python/wheelhouse/generic/requests-2.32.5+computecanada-py3-none-any.whl (from ray)
Processing /cvmfs/soft.computecanada.ca/custom/python/wheelhouse/generic/attrs-25.4.0+computecanada-py3-none-any.whl (from jsonschema->ray)
Processing /cvmfs/soft.computecanada.ca/custom/python/wheelhouse/generic/jsonschema_specifications-2025.9.1+computecanada-py3-none-any.whl (from jsonschema->ray)
Processing /cvmfs/soft.computecanada.ca/custom/python/wheelhouse/generic/referencing-0.37.0+computecanada-py3-none-any.whl (from jsonschema->ray)
Processing /cvmfs/soft.computecanada.ca/custom/python/wheelhouse/gentoo2023/generic/rpds_py-0.27.0+computecanada-cp311-cp311-linux_x86_64.whl (from jsonschema->ray)
Requirement already satisfied: typing-extensions>=4.4.0 in /cvmfs/soft.computecanada.ca/easybuild/software/2023/x86-64-v3/Compiler/gcccore/ipykernel/2025a/lib/python3.11/site-packages (from referencing>=0.28.4->jsonschema->ray) (4.12.2+computecanada)
Processing /cvmfs/soft.computecanada.ca/custom/python/wheelhouse/generic/charset_normalizer-3.4.4+computecanada-py3-none-any.whl (from requests->ray)
Processing /cvmfs/soft.computecanada.ca/custom/python/wheelhouse/generic/idna-3.11+computecanada-py3-none-any.whl (from requests->ray)
Processing /cvmfs/soft.computecanada.ca/custom/python/wheelhouse/generic/urllib3-2.5.0+computecanada-py3-none-any.whl (from requests->ray)
Processing /cvmfs/soft.computecanada.ca/custom/python/wheelhouse/generic/certifi-2025.10.5+computecanada-py3-none-any.whl (from requests->ray)
Installing collected packages: urllib3, rpds-py, pyyaml, protobuf, msgpack, idna, filelock, click, charset-normalizer, certifi, attrs, requests, referencing, jsonschema-specifications, jsonschema, ray
Processing /cvmfs/soft.computecanada.ca/custom/python/wheelhouse/generic/click-8.3.1+computecanada-py3-none-any.whl (from ray)
Processing /cvmfs/soft.computecanada.ca/custom/python/wheelhouse/generic/filelock-3.20.0+computecanada-py3-none-any.whl (from ray)
Processing /cvmfs/soft.computecanada.ca/custom/python/wheelhouse/generic/jsonschema-4.25.1+computecanada-py3-none-any.whl (from ray)
Processing /cvmfs/soft.computecanada.ca/custom/python/wheelhouse/generic/msgpack-1.1.2+computecanada-cp311-cp311-linux_x86_64.whl (from ray)
Requirement already satisfied: packaging in /cvmfs/soft.computecanada.ca/easybuild/software/2023/x86-64-v3/Compiler/gcccore/scipy-stack/2025a/lib/python3.11/site-packages (from ray) (24.2+computecanada)
Processing /cvmfs/soft.computecanada.ca/custom/python/wheelhouse/gentoo2023/x86-64-v3/protobuf-6.33.0+computecanada-cp311-cp311-linux_x86_64.whl (from ray)
Processing /cvmfs/soft.computecanada.ca/custom/python/wheelhouse/gentoo2023/x86-64-v3/PyYAML-6.0.2+computecanada-cp311-cp311-linux_x86_64.whl (from ray)
Processing /cvmfs/soft.computecanada.ca/custom/python/wheelhouse/generic/requests-2.32.5+computecanada-py3-none-any.whl (from ray)
Processing /cvmfs/soft.computecanada.ca/custom/python/wheelhouse/generic/attrs-25.4.0+computecanada-py3-none-any.whl (from jsonschema->ray)
Processing /cvmfs/soft.computecanada.ca/custom/python/wheelhouse/generic/jsonschema_specifications-2025.9.1+computecanada-py3-none-any.whl (from jsonschema->ray)
Processing /cvmfs/soft.computecanada.ca/custom/python/wheelhouse/generic/referencing-0.37.0+computecanada-py3-none-any.whl (from jsonschema->ray)
Processing /cvmfs/soft.computecanada.ca/custom/python/wheelhouse/gentoo2023/generic/rpds_py-0.27.0+computecanada-cp311-cp311-linux_x86_64.whl (from jsonschema->ray)
Requirement already satisfied: typing-extensions>=4.4.0 in /cvmfs/soft.computecanada.ca/easybuild/software/2023/x86-64-v3/Compiler/gcccore/ipykernel/2025a/lib/python3.11/site-packages (from referencing>=0.28.4->jsonschema->ray) (4.12.2+computecanada)
Processing /cvmfs/soft.computecanada.ca/custom/python/wheelhouse/generic/charset_normalizer-3.4.4+computecanada-py3-none-any.whl (from requests->ray)
Processing /cvmfs/soft.computecanada.ca/custom/python/wheelhouse/generic/idna-3.11+computecanada-py3-none-any.whl (from requests->ray)
Processing /cvmfs/soft.computecanada.ca/custom/python/wheelhouse/generic/urllib3-2.5.0+computecanada-py3-none-any.whl (from requests->ray)
Processing /cvmfs/soft.computecanada.ca/custom/python/wheelhouse/generic/certifi-2025.10.5+computecanada-py3-none-any.whl (from requests->ray)
Installing collected packages: urllib3, rpds-py, pyyaml, protobuf, msgpack, idna, filelock, click, charset-normalizer, certifi, attrs, requests, referencing, jsonschema-specifications, jsonschema, ray
srun: Job step aborted: Waiting up to 62 seconds for job step to finish.
slurmstepd: error: *** STEP 1545424.0 ON kn051 CANCELLED AT 2025-12-04T16:53:10 ***
slurmstepd: error: *** JOB 1545424 ON kn051 CANCELLED AT 2025-12-04T16:53:10 ***
