
==========
== CUDA ==
==========

CUDA Version 12.4.1

Container image Copyright (c) 2016-2023, NVIDIA CORPORATION & AFFILIATES. All rights reserved.

This container image and its contents are governed by the NVIDIA Deep Learning Container License.
By pulling and using the container, you accept the terms and conditions of this license:
https://developer.nvidia.com/ngc/nvidia-deep-learning-container-license

A copy of this license is made available in this container at /NGC-DL-CONTAINER-LICENSE for your convenience.

accelerate==1.11.0+computecanada
aiofiles==24.1.0+computecanada
aiohappyeyeballs==2.6.1+computecanada
aiohttp==3.12.15+computecanada
aiosignal==1.4.0+computecanada
annotated_doc==0.0.4+computecanada
annotated_types==0.7.0+computecanada
antlr4_python3_runtime==4.9.3+computecanada
anyio==4.11.0+computecanada
archspec @ file:///home/conda/feedstock_root/build_artifacts/archspec_1737352602016/work
asttokens @ file:///home/conda/feedstock_root/build_artifacts/asttokens_1733250440834/work
astunparse==1.6.3
attrs==25.4.0+computecanada
audioread==3.1.0+computecanada
av==15.1.0+computecanada
beautifulsoup4 @ file:///home/conda/feedstock_root/build_artifacts/beautifulsoup4_1733230845337/work
boltons @ file:///home/conda/feedstock_root/build_artifacts/boltons_1733827268945/work
Brotli @ file:///home/conda/feedstock_root/build_artifacts/brotli-split_1725267488082/work
certifi==2025.10.5+computecanada
cffi==1.17.1+computecanada
chardet @ file:///home/conda/feedstock_root/build_artifacts/chardet_1724954797915/work
charset_normalizer==3.4.4+computecanada
click==8.3.1+computecanada
cmake==3.31.4
colorama @ file:///home/conda/feedstock_root/build_artifacts/colorama_1733218098505/work
conda @ file:///home/conda/feedstock_root/build_artifacts/conda_1737546925511/work
conda-build @ file:///home/conda/feedstock_root/build_artifacts/conda-build_1737106456198/work
conda-libmamba-solver @ file:///home/conda/feedstock_root/build_artifacts/conda-libmamba-solver_1737800978214/work/src
conda-package-handling @ file:///home/conda/feedstock_root/build_artifacts/conda-package-handling_1736345463896/work
conda_index @ file:///home/conda/feedstock_root/build_artifacts/conda-index_1718383105992/work
conda_package_streaming @ file:///home/conda/feedstock_root/build_artifacts/conda-package-streaming_1729004031731/work
contourpy==1.3.3
cycler==0.12.1
datasets==4.0.0+computecanada
decorator @ file:///home/conda/feedstock_root/build_artifacts/decorator_1733236420667/work
deepspeed==0.16.9
dill==0.3.8+computecanada
distro @ file:///home/conda/feedstock_root/build_artifacts/distro_1734729835256/work
dnspython==2.7.0
docstring_parser==0.17.0+computecanada
einops==0.8.1+computecanada
exceptiongroup @ file:///home/conda/feedstock_root/build_artifacts/exceptiongroup_1733208806608/work
executing @ file:///home/conda/feedstock_root/build_artifacts/executing_1733569351617/work
expecttest==0.3.0
fastapi==0.122.0+computecanada
ffmpy==0.6.3+computecanada
filelock @ file:///home/conda/feedstock_root/build_artifacts/filelock_1737517818712/work
fire==0.7.1+computecanada
flash_attn @ file:///workspace/flash_attn-2.7.4.post1%2Bcu12torch2.6cxx11abiFALSE-cp311-cp311-linux_x86_64.whl#sha256=58853b28a5a926cae14402bfd8d4d93a45ebf8f9e79533f37ab09d0d77a99c05
flashinfer-python @ file:///workspace/flashinfer_python-0.2.2.post1%2Bcu124torch2.6-cp38-abi3-linux_x86_64.whl#sha256=7b5950853a0769809199f4f252eb271f63700e4f8a51e0da582f0f066b22cd7c
fonttools==4.60.1
frozendict @ file:///home/conda/feedstock_root/build_artifacts/frozendict_1728841334936/work
frozenlist==1.8.0+computecanada
fsspec==2025.3.0+computecanada
gitdb==4.0.12
GitPython==3.1.45
gradio==5.31.0+computecanada
gradio_client==1.10.1+computecanada
groovy==0.1.2+computecanada
h11==0.16.0+computecanada
h2 @ file:///home/conda/feedstock_root/build_artifacts/h2_1733298745555/work
hf_transfer==0.1.9+computecanada
hf_xet==1.2.0+computecanada
hjson==3.1.0
hpack @ file:///home/conda/feedstock_root/build_artifacts/hpack_1733299205993/work
httpcore==1.0.9+computecanada
httpx==0.28.1+computecanada
huggingface_hub==0.36.0+computecanada
hyperframe @ file:///home/conda/feedstock_root/build_artifacts/hyperframe_1733298771451/work
hypothesis==6.124.7
idna==3.11+computecanada
importlib_resources @ file:///home/conda/feedstock_root/build_artifacts/importlib_resources_1736252299705/work
ipython @ file:///home/conda/feedstock_root/build_artifacts/ipython_1734788142186/work
jedi @ file:///home/conda/feedstock_root/build_artifacts/jedi_1733300866624/work
jieba==0.42.1
jinja2==3.1.6+computecanada
joblib==1.5.2+computecanada
jsonpatch @ file:///home/conda/feedstock_root/build_artifacts/jsonpatch_1733814567314/work
jsonpointer @ file:///home/conda/feedstock_root/build_artifacts/jsonpointer_1725302941992/work
jsonschema @ file:///home/conda/feedstock_root/build_artifacts/jsonschema_1733472696581/work
jsonschema-specifications @ file:///tmp/tmpk0f344m9/src
kiwisolver==1.4.9
lazy_loader==0.4+computecanada
libarchive-c @ file:///home/conda/feedstock_root/build_artifacts/python-libarchive-c_1725302626023/work
libmambapy @ file:///home/conda/feedstock_root/build_artifacts/mamba-split_1735806506118/work/libmambapy
librosa==0.11.0+computecanada
lief @ file:///home/conda/feedstock_root/build_artifacts/lief_1726040283347/work/api/python
liger_kernel==0.6.2
lintrunner==0.12.7
# Editable install with no version control (llamafactory==0.9.4.dev0)
-e /app
llvmlite==0.45.1+computecanada
markdown_it_py==4.0.0+computecanada
MarkupSafe==3.0.2+computecanada
matplotlib==3.10.7
matplotlib-inline @ file:///home/conda/feedstock_root/build_artifacts/matplotlib-inline_1733416936468/work
mdurl==0.1.2+computecanada
menuinst @ file:///home/conda/feedstock_root/build_artifacts/menuinst_1731146975675/work
modelscope==1.30.0+computecanada
more-itertools @ file:///home/conda/feedstock_root/build_artifacts/more-itertools_1736883817510/work
mpmath==1.3.0
msgpack==1.1.2+computecanada
multidict==6.7.0+computecanada
multiprocess==0.70.16+computecanada
networkx==3.6.1+computecanada
ninja==1.11.1.3
nltk==3.9.2
numba==0.62.1+computecanada
numpy==1.26.4+computecanada
nvidia-cublas-cu12==12.4.5.8
nvidia-cuda-cupti-cu12==12.4.127
nvidia-cuda-nvrtc-cu12==12.4.127
nvidia-cuda-runtime-cu12==12.4.127
nvidia-cudnn-cu12==9.1.0.70
nvidia-cufft-cu12==11.2.1.3
nvidia-curand-cu12==10.3.5.147
nvidia-cusolver-cu12==11.6.1.9
nvidia-cusparse-cu12==12.3.1.170
nvidia-cusparselt-cu12==0.6.2
nvidia-nccl-cu12==2.21.5
nvidia-nvjitlink-cu12==12.4.127
nvidia-nvtx-cu12==12.4.127
omegaconf==2.3.0+computecanada
optree==0.14.0
orjson==3.11.1+computecanada
packaging==25.0
pandas==2.3.3
parso @ file:///home/conda/feedstock_root/build_artifacts/parso_1733271261340/work
peft==0.17.1+computecanada
pexpect @ file:///home/conda/feedstock_root/build_artifacts/pexpect_1733301927746/work
pickleshare @ file:///home/conda/feedstock_root/build_artifacts/pickleshare_1733327343728/work
pillow==11.0.0
Pillow_SIMD==9.5.0.post2+computecanada
pkginfo @ file:///home/conda/feedstock_root/build_artifacts/pkginfo_1733734533957/work
pkgutil_resolve_name @ file:///home/conda/feedstock_root/build_artifacts/pkgutil-resolve-name_1733344503739/work
platformdirs @ file:///home/conda/feedstock_root/build_artifacts/platformdirs_1733232627818/work
pluggy @ file:///home/conda/feedstock_root/build_artifacts/pluggy_1733222765875/work
pooch==1.8.2+computecanada
prompt_toolkit @ file:///home/conda/feedstock_root/build_artifacts/prompt-toolkit_1737453357274/work
propcache==0.4.1+computecanada
protobuf==6.33.0+computecanada
psutil @ file:///home/conda/feedstock_root/build_artifacts/psutil_1735327328223/work
ptyprocess @ file:///home/conda/feedstock_root/build_artifacts/ptyprocess_1733302279685/work/dist/ptyprocess-0.7.0-py2.py3-none-any.whl#sha256=92c32ff62b5fd8cf325bec5ab90d7be3d2a8ca8c8a3813ff487a8d2002630d1f
pure_eval @ file:///home/conda/feedstock_root/build_artifacts/pure_eval_1733569405015/work
py-cpuinfo==9.0.0
pyarrow==21.0.0
pycosat @ file:///home/conda/feedstock_root/build_artifacts/pycosat_1732588400443/work
pycparser==2.23+computecanada
pydantic==2.10.6+computecanada
pydantic_core==2.27.2+computecanada
pydub==0.25.1+computecanada
Pygments @ file:///home/conda/feedstock_root/build_artifacts/pygments_1736243443484/work
pyparsing==3.2.5
PySocks @ file:///home/conda/feedstock_root/build_artifacts/pysocks_1733217236728/work
python-dateutil==2.9.0.post0
python-etcd==0.4.5
python_multipart==0.0.20+computecanada
pytz @ file:///home/conda/feedstock_root/build_artifacts/pytz_1733215667876/work
PyYAML==6.0.2+computecanada
ray==2.52.1
referencing @ file:///home/conda/feedstock_root/build_artifacts/bld/rattler-build_referencing_1737836872/work
regex==2024.11.6+computecanada
requests==2.32.5+computecanada
rich==14.2.0+computecanada
rouge-chinese==1.0.3
rpds-py @ file:///home/conda/feedstock_root/build_artifacts/rpds-py_1733366613949/work
ruamel.yaml @ file:///home/conda/feedstock_root/build_artifacts/ruamel.yaml_1736248028599/work
ruamel.yaml.clib @ file:///home/conda/feedstock_root/build_artifacts/ruamel.yaml.clib_1728724459810/work
ruff==0.11.0+computecanada
safehttpx==0.1.6+computecanada
safetensors==0.5.3+computecanada
scikit_learn==1.7.1+computecanada
scipy==1.16.2
semantic_version==2.10.0+computecanada
sentencepiece==0.2.0+computecanada
sentry-sdk==2.46.0
shellingham==1.5.4+computecanada
shtab==1.7.2+computecanada
six==1.17.0
smmap==5.0.2
sniffio==1.3.1+computecanada
sortedcontainers==2.4.0
soundfile==0.13.1+computecanada
soupsieve @ file:///home/conda/feedstock_root/build_artifacts/soupsieve_1693929250441/work
soxr==0.5.0.post1+computecanada
sse_starlette==3.0.2+computecanada
stack_data @ file:///home/conda/feedstock_root/build_artifacts/stack_data_1733569443808/work
starlette==0.50.0+computecanada
sympy==1.13.1
termcolor==3.2.0+computecanada
threadpoolctl==3.6.0+computecanada
tiktoken==0.11.0+computecanada
tokenizers==0.22.1+computecanada
tomlkit==0.13.3+computecanada
torch==2.9.1+computecanada
torchaudio==2.6.0+cu124
torchelastic==0.2.2
torchvision==0.24.1+computecanada
tqdm==4.67.1+computecanada
traitlets @ file:///home/conda/feedstock_root/build_artifacts/traitlets_1733367359838/work
transformers==4.57.1+computecanada
triton==3.2.0
trl==0.9.6+computecanada
truststore @ file:///home/conda/feedstock_root/build_artifacts/truststore_1729762363021/work
typer==0.20.0+computecanada
types-dataclasses==0.6.6
typing_extensions==4.15.0+computecanada
tyro==0.8.14+computecanada
tzdata==2025.2
urllib3==2.5.0+computecanada
uvicorn==0.38.0+computecanada
wandb==0.23.0
wcwidth @ file:///home/conda/feedstock_root/build_artifacts/wcwidth_1733231326287/work
websockets==15.0.1+computecanada
xxhash==3.5.0+computecanada
yarl==1.22.0+computecanada
zipp @ file:///home/conda/feedstock_root/build_artifacts/zipp_1732827521216/work
zstandard==0.23.0
/cm/local/apps/slurm/var/spool/job1615867/slurm_script: line 41: llamafactory-cli: command not found
