created virtual environment CPython3.11.5.final.0-64 in 309ms
  creator CPython3Posix(dest=/tmp/ENV, clear=False, no_vcs_ignore=False, global=False)
  seeder FromAppData(download=False, pip=bundle, setuptools=bundle, wheel=bundle, via=copy, app_data_dir=/home/indrisch/.local/share/virtualenv)
    added seed packages: pip==25.3, setuptools==80.7.1, wheel==0.45.1+computecanada
  activators BashActivator,CShellActivator,FishActivator,NushellActivator,PowerShellActivator,PythonActivator
created virtual environment CPython3.11.5.final.0-64 in 276ms
  creator CPython3Posix(dest=/tmp/ENV, clear=False, no_vcs_ignore=False, global=False)
  seeder FromAppData(download=False, pip=bundle, setuptools=bundle, wheel=bundle, via=copy, app_data_dir=/home/indrisch/.local/share/virtualenv)
    added seed packages: pip==25.3, setuptools==80.7.1, wheel==0.45.1+computecanada
  activators BashActivator,CShellActivator,FishActivator,NushellActivator,PowerShellActivator,PythonActivator
Looking in links: /cvmfs/soft.computecanada.ca/custom/python/wheelhouse/gentoo2023/x86-64-v3, /cvmfs/soft.computecanada.ca/custom/python/wheelhouse/gentoo2023/generic, /cvmfs/soft.computecanada.ca/custom/python/wheelhouse/generic
Requirement already satisfied: pip in /tmp/ENV/lib/python3.11/site-packages (25.3)
Looking in links: /cvmfs/soft.computecanada.ca/custom/python/wheelhouse/gentoo2023/x86-64-v3, /cvmfs/soft.computecanada.ca/custom/python/wheelhouse/gentoo2023/generic, /cvmfs/soft.computecanada.ca/custom/python/wheelhouse/generic
Requirement already satisfied: pip in /tmp/ENV/lib/python3.11/site-packages (25.3)
Looking in links: /cvmfs/soft.computecanada.ca/custom/python/wheelhouse/gentoo2023/x86-64-v3, /cvmfs/soft.computecanada.ca/custom/python/wheelhouse/gentoo2023/generic, /cvmfs/soft.computecanada.ca/custom/python/wheelhouse/generic
Looking in links: /cvmfs/soft.computecanada.ca/custom/python/wheelhouse/gentoo2023/x86-64-v3, /cvmfs/soft.computecanada.ca/custom/python/wheelhouse/gentoo2023/generic, /cvmfs/soft.computecanada.ca/custom/python/wheelhouse/generic
Processing /cvmfs/soft.computecanada.ca/custom/python/wheelhouse/generic/ray-2.49.1+computecanada-cp311-cp311-linux_x86_64.whl
Processing /cvmfs/soft.computecanada.ca/custom/python/wheelhouse/generic/ray-2.49.1+computecanada-cp311-cp311-linux_x86_64.whl
Processing /cvmfs/soft.computecanada.ca/custom/python/wheelhouse/generic/click-8.3.1+computecanada-py3-none-any.whl (from ray)
Processing /cvmfs/soft.computecanada.ca/custom/python/wheelhouse/generic/click-8.3.1+computecanada-py3-none-any.whl (from ray)
Processing /cvmfs/soft.computecanada.ca/custom/python/wheelhouse/generic/filelock-3.20.0+computecanada-py3-none-any.whl (from ray)
Processing /cvmfs/soft.computecanada.ca/custom/python/wheelhouse/generic/filelock-3.20.0+computecanada-py3-none-any.whl (from ray)
Processing /cvmfs/soft.computecanada.ca/custom/python/wheelhouse/generic/jsonschema-4.25.1+computecanada-py3-none-any.whl (from ray)
Processing /cvmfs/soft.computecanada.ca/custom/python/wheelhouse/generic/jsonschema-4.25.1+computecanada-py3-none-any.whl (from ray)
Processing /cvmfs/soft.computecanada.ca/custom/python/wheelhouse/generic/msgpack-1.1.2+computecanada-cp311-cp311-linux_x86_64.whl (from ray)
Processing /cvmfs/soft.computecanada.ca/custom/python/wheelhouse/generic/msgpack-1.1.2+computecanada-cp311-cp311-linux_x86_64.whl (from ray)
Processing /cvmfs/soft.computecanada.ca/custom/python/wheelhouse/generic/packaging-25.0+computecanada-py3-none-any.whl (from ray)
Processing /cvmfs/soft.computecanada.ca/custom/python/wheelhouse/generic/packaging-25.0+computecanada-py3-none-any.whl (from ray)
Processing /cvmfs/soft.computecanada.ca/custom/python/wheelhouse/gentoo2023/x86-64-v3/protobuf-6.33.0+computecanada-cp311-cp311-linux_x86_64.whl (from ray)
Processing /cvmfs/soft.computecanada.ca/custom/python/wheelhouse/gentoo2023/x86-64-v3/protobuf-6.33.0+computecanada-cp311-cp311-linux_x86_64.whl (from ray)
Processing /cvmfs/soft.computecanada.ca/custom/python/wheelhouse/gentoo2023/x86-64-v3/PyYAML-6.0.2+computecanada-cp311-cp311-linux_x86_64.whl (from ray)
Processing /cvmfs/soft.computecanada.ca/custom/python/wheelhouse/gentoo2023/x86-64-v3/PyYAML-6.0.2+computecanada-cp311-cp311-linux_x86_64.whl (from ray)
Processing /cvmfs/soft.computecanada.ca/custom/python/wheelhouse/generic/requests-2.32.5+computecanada-py3-none-any.whl (from ray)
Processing /cvmfs/soft.computecanada.ca/custom/python/wheelhouse/generic/requests-2.32.5+computecanada-py3-none-any.whl (from ray)
Processing /cvmfs/soft.computecanada.ca/custom/python/wheelhouse/generic/attrs-25.4.0+computecanada-py3-none-any.whl (from jsonschema->ray)
Processing /cvmfs/soft.computecanada.ca/custom/python/wheelhouse/generic/attrs-25.4.0+computecanada-py3-none-any.whl (from jsonschema->ray)
Processing /cvmfs/soft.computecanada.ca/custom/python/wheelhouse/generic/jsonschema_specifications-2025.9.1+computecanada-py3-none-any.whl (from jsonschema->ray)
Processing /cvmfs/soft.computecanada.ca/custom/python/wheelhouse/generic/jsonschema_specifications-2025.9.1+computecanada-py3-none-any.whl (from jsonschema->ray)
Processing /cvmfs/soft.computecanada.ca/custom/python/wheelhouse/generic/referencing-0.37.0+computecanada-py3-none-any.whl (from jsonschema->ray)
Processing /cvmfs/soft.computecanada.ca/custom/python/wheelhouse/generic/referencing-0.37.0+computecanada-py3-none-any.whl (from jsonschema->ray)
Processing /cvmfs/soft.computecanada.ca/custom/python/wheelhouse/gentoo2023/generic/rpds_py-0.27.0+computecanada-cp311-cp311-linux_x86_64.whl (from jsonschema->ray)
Processing /cvmfs/soft.computecanada.ca/custom/python/wheelhouse/gentoo2023/generic/rpds_py-0.27.0+computecanada-cp311-cp311-linux_x86_64.whl (from jsonschema->ray)
Processing /cvmfs/soft.computecanada.ca/custom/python/wheelhouse/generic/typing_extensions-4.15.0+computecanada-py3-none-any.whl (from referencing>=0.28.4->jsonschema->ray)
Processing /cvmfs/soft.computecanada.ca/custom/python/wheelhouse/generic/typing_extensions-4.15.0+computecanada-py3-none-any.whl (from referencing>=0.28.4->jsonschema->ray)
Processing /cvmfs/soft.computecanada.ca/custom/python/wheelhouse/generic/charset_normalizer-3.4.4+computecanada-py3-none-any.whl (from requests->ray)
Processing /cvmfs/soft.computecanada.ca/custom/python/wheelhouse/generic/charset_normalizer-3.4.4+computecanada-py3-none-any.whl (from requests->ray)
Processing /cvmfs/soft.computecanada.ca/custom/python/wheelhouse/generic/idna-3.11+computecanada-py3-none-any.whl (from requests->ray)
Processing /cvmfs/soft.computecanada.ca/custom/python/wheelhouse/generic/idna-3.11+computecanada-py3-none-any.whl (from requests->ray)
Processing /cvmfs/soft.computecanada.ca/custom/python/wheelhouse/generic/urllib3-2.5.0+computecanada-py3-none-any.whl (from requests->ray)
Processing /cvmfs/soft.computecanada.ca/custom/python/wheelhouse/generic/urllib3-2.5.0+computecanada-py3-none-any.whl (from requests->ray)
Processing /cvmfs/soft.computecanada.ca/custom/python/wheelhouse/generic/certifi-2025.10.5+computecanada-py3-none-any.whl (from requests->ray)
Processing /cvmfs/soft.computecanada.ca/custom/python/wheelhouse/generic/certifi-2025.10.5+computecanada-py3-none-any.whl (from requests->ray)
Installing collected packages: urllib3, typing-extensions, rpds-py, pyyaml, protobuf, packaging, msgpack, idna, filelock, click, charset-normalizer, certifi, attrs, requests, referencing, jsonschema-specifications, jsonschema, ray
Installing collected packages: urllib3, typing-extensions, rpds-py, pyyaml, protobuf, packaging, msgpack, idna, filelock, click, charset-normalizer, certifi, attrs, requests, referencing, jsonschema-specifications, jsonschema, ray

Successfully installed attrs-25.4.0+computecanada certifi-2025.10.5+computecanada charset-normalizer-3.4.4+computecanada click-8.3.1+computecanada filelock-3.20.0+computecanada idna-3.11+computecanada jsonschema-4.25.1+computecanada jsonschema-specifications-2025.9.1+computecanada msgpack-1.1.2+computecanada packaging-25.0+computecanada protobuf-6.33.0+computecanada pyyaml-6.0.2+computecanada ray-2.49.1+computecanada referencing-0.37.0+computecanada requests-2.32.5+computecanada rpds-py-0.27.0+computecanada typing-extensions-4.15.0+computecanada urllib3-2.5.0+computecanada

Successfully installed attrs-25.4.0+computecanada certifi-2025.10.5+computecanada charset-normalizer-3.4.4+computecanada click-8.3.1+computecanada filelock-3.20.0+computecanada idna-3.11+computecanada jsonschema-4.25.1+computecanada jsonschema-specifications-2025.9.1+computecanada msgpack-1.1.2+computecanada packaging-25.0+computecanada protobuf-6.33.0+computecanada pyyaml-6.0.2+computecanada ray-2.49.1+computecanada referencing-0.37.0+computecanada requests-2.32.5+computecanada rpds-py-0.27.0+computecanada typing-extensions-4.15.0+computecanada urllib3-2.5.0+computecanada
Waiting for Ray cluster to initialize...
2025-12-04 18:39:17,377	INFO usage_lib.py:473 -- Usage stats collection is enabled by default without user confirmation because this terminal is detected to be non-interactive. To disable this, add `--disable-usage-stats` to the command that starts the cluster, or run the following command: `ray disable-usage-stats` before starting the cluster. See https://docs.ray.io/en/master/cluster/usage-stats.html for more details.
2025-12-04 18:39:17,377	INFO scripts.py:913 -- Local node IP: kn053
2025-12-04 18:39:19,633	SUCC scripts.py:949 -- --------------------
2025-12-04 18:39:19,633	SUCC scripts.py:950 -- Ray runtime started.
2025-12-04 18:39:19,633	SUCC scripts.py:951 -- --------------------
2025-12-04 18:39:19,633	INFO scripts.py:953 -- Next steps
2025-12-04 18:39:19,633	INFO scripts.py:956 -- To add another node to this Ray cluster, run
2025-12-04 18:39:19,633	INFO scripts.py:959 --   ray start --address='kn053:52947'
2025-12-04 18:39:19,633	INFO scripts.py:968 -- To connect to this Ray cluster:
2025-12-04 18:39:19,633	INFO scripts.py:970 -- import ray
2025-12-04 18:39:19,633	INFO scripts.py:971 -- ray.init(_node_ip_address='kn053')
2025-12-04 18:39:19,633	INFO scripts.py:1002 -- To terminate the Ray runtime, run
2025-12-04 18:39:19,633	INFO scripts.py:1003 --   ray stop
2025-12-04 18:39:19,633	INFO scripts.py:1006 -- To view the status of the cluster, use
2025-12-04 18:39:19,633	INFO scripts.py:1007 --   ray status
2025-12-04 18:39:19,634	INFO scripts.py:1123 -- --block
2025-12-04 18:39:19,634	INFO scripts.py:1124 -- This command will now block forever until terminated by a signal.
2025-12-04 18:39:19,634	INFO scripts.py:1127 -- Running subprocesses are monitored and a message will be printed if any of them terminate unexpectedly. Subprocesses exit with SIGTERM will be treated as graceful, thus NOT reported.
2025-12-04 18:39:17,448	INFO scripts.py:1094 -- Local node IP: 10.1.1.79
2025-12-04 18:39:19,795	SUCC scripts.py:1110 -- --------------------
2025-12-04 18:39:19,795	SUCC scripts.py:1111 -- Ray runtime started.
2025-12-04 18:39:19,795	SUCC scripts.py:1112 -- --------------------
2025-12-04 18:39:19,795	INFO scripts.py:1114 -- To terminate the Ray runtime, run
2025-12-04 18:39:19,795	INFO scripts.py:1115 --   ray stop
2025-12-04 18:39:19,795	INFO scripts.py:1123 -- --block
2025-12-04 18:39:19,795	INFO scripts.py:1124 -- This command will now block forever until terminated by a signal.
2025-12-04 18:39:19,795	INFO scripts.py:1127 -- Running subprocesses are monitored and a message will be printed if any of them terminate unexpectedly. Subprocesses exit with SIGTERM will be treated as graceful, thus NOT reported.
Waiting for Ray cluster to be ready...
2025-12-04 18:39:22,094	INFO worker.py:1771 -- Connecting to existing Ray cluster at address: kn053:52947...
2025-12-04 18:39:22,107	INFO worker.py:1951 -- Connected to Ray cluster.
Successfully connected to Ray cluster after 0 retries
Found 2 alive nodes
Nodes in the Ray cluster:
[{'NodeID': '17817d4c0059f843a9e6d79f238b36ea38b643c4057e35bc2ad81d9d', 'Alive': True, 'NodeManagerAddress': 'kn053', 'NodeManagerHostname': 'kn053', 'NodeManagerPort': 43181, 'ObjectManagerPort': 45639, 'ObjectStoreSocketName': '/tmp/ray/session_2025-12-04_18-39-17_377678_918540/sockets/plasma_store', 'RayletSocketName': '/tmp/ray/session_2025-12-04_18-39-17_377678_918540/sockets/raylet', 'MetricsExportPort': 62371, 'NodeName': 'kn053', 'RuntimeEnvAgentPort': 51575, 'DeathReason': 0, 'DeathReasonMessage': '', 'alive': True, 'Resources': {'node:__internal_head__': 1.0, 'object_store_memory': 145446818611.0, 'memory': 339375910093.0, 'GPU': 1.0, 'accelerator_type:L40S': 1.0, 'CPU': 1.0, 'node:kn053': 1.0}, 'Labels': {'ray.io/node-id': '17817d4c0059f843a9e6d79f238b36ea38b643c4057e35bc2ad81d9d', 'ray.io/accelerator-type': 'L40S'}}, {'NodeID': '0ef4a18e05ca6c853ea7b5188115ba198fb4c0696c0d1b6e40b74cf8', 'Alive': True, 'NodeManagerAddress': '10.1.1.79', 'NodeManagerHostname': 'kn079', 'NodeManagerPort': 40795, 'ObjectManagerPort': 45059, 'ObjectStoreSocketName': '/tmp/ray/session_2025-12-04_18-39-17_377678_918540/sockets/plasma_store', 'RayletSocketName': '/tmp/ray/session_2025-12-04_18-39-17_377678_918540/sockets/raylet', 'MetricsExportPort': 55439, 'NodeName': '10.1.1.79', 'RuntimeEnvAgentPort': 62547, 'DeathReason': 0, 'DeathReasonMessage': '', 'alive': True, 'Resources': {'object_store_memory': 134440514764.0, 'CPU': 1.0, 'node:10.1.1.79': 1.0, 'memory': 313694534452.0, 'GPU': 1.0, 'accelerator_type:L40S': 1.0}, 'Labels': {'ray.io/node-id': '0ef4a18e05ca6c853ea7b5188115ba198fb4c0696c0d1b6e40b74cf8', 'ray.io/accelerator-type': 'L40S'}}]
Available resources:
{'node:kn053': 1.0, 'node:__internal_head__': 1.0, 'memory': 653070444545.0, 'CPU': 2.0, 'object_store_memory': 279887333375.0, 'GPU': 2.0, 'accelerator_type:L40S': 2.0, 'node:10.1.1.79': 1.0}
Script completed successfully
Shutting down Ray cluster...
srun: forcing job termination
srun: Job step aborted: Waiting up to 62 seconds for job step to finish.
slurmstepd: error: *** STEP 1545774.1 ON kn053 CANCELLED AT 2025-12-04T18:39:23 ***
srun: error: kn079: task 1: Killed
srun: error: kn053: task 0: Killed
Ray cluster shutdown initiated.
