Packing mode:
  Input directory: /scratch/indrisch/data/ScanNet/scans
  Output directory: /scratch/indrisch/data_h5py/ScanNet/scans
  Scene pattern: scene*_*
  Color folder: color
  Image extension: .jpg
  H5py filename: images.hdf5
  JSON filename: image_mapping.json
  Number of workers: 32
Skipping scene0000_00: h5py and JSON files already exist
Skipping scene0001_00: h5py and JSON files already exist
Skipping scene0002_00: h5py and JSON files already exist
Skipping scene0003_00: h5py and JSON files already exist
Skipping scene0004_00: h5py and JSON files already exist
Skipping scene0005_00: h5py and JSON files already exist
Skipping scene0006_00: h5py and JSON files already exist
Skipping scene0008_00: h5py and JSON files already exist
Skipping scene0009_00: h5py and JSON files already exist
Skipping scene0010_00: h5py and JSON files already exist
Skipping scene0011_00: h5py and JSON files already exist
Skipping scene0012_00: h5py and JSON files already exist
Skipping scene0014_00: h5py and JSON files already exist
Skipping scene0015_00: h5py and JSON files already exist
Skipping scene0016_00: h5py and JSON files already exist
Skipping scene0017_00: h5py and JSON files already exist
Skipping scene0018_00: h5py and JSON files already exist
Skipping scene0019_00: h5py and JSON files already exist
Skipping scene0020_00: h5py and JSON files already exist
Skipping scene0021_00: h5py and JSON files already exist
Skipping scene0022_00: h5py and JSON files already exist
Skipping scene0023_00: h5py and JSON files already exist
Skipping scene0024_00: h5py and JSON files already exist
Skipping scene0025_00: h5py and JSON files already exist
Skipping scene0026_00: h5py and JSON files already exist
Skipping scene0027_00: h5py and JSON files already exist
Skipping scene0028_00: h5py and JSON files already exist
Skipping scene0029_00: h5py and JSON files already exist
Skipping scene0030_00: h5py and JSON files already exist
Skipping scene0031_00: h5py and JSON files already exist
Skipping scene0032_00: h5py and JSON files already exist
Skipping scene0033_00: h5py and JSON files already exist
Skipping scene0034_00: h5py and JSON files already exist
Skipping scene0035_00: h5py and JSON files already exist
Skipping scene0036_00: h5py and JSON files already exist
Skipping scene0037_00: h5py and JSON files already exist
Skipping scene0038_00: h5py and JSON files already exist
Skipping scene0039_00: h5py and JSON files already exist
Skipping scene0040_00: h5py and JSON files already exist
Skipping scene0041_00: h5py and JSON files already exist
Skipping scene0042_00: h5py and JSON files already exist
Skipping scene0043_00: h5py and JSON files already exist
Skipping scene0045_00: h5py and JSON files already exist
Skipping scene0046_00: h5py and JSON files already exist
Skipping scene0047_00: h5py and JSON files already exist
Skipping scene0048_00: h5py and JSON files already exist
Skipping scene0049_00: h5py and JSON files already exist
Skipping scene0050_00: h5py and JSON files already exist
Skipping scene0051_00: h5py and JSON files already exist
Skipping scene0052_00: h5py and JSON files already exist
Skipping scene0053_00: h5py and JSON files already exist
Skipping scene0054_00: h5py and JSON files already exist
Skipping scene0055_00: h5py and JSON files already exist
Skipping scene0056_00: h5py and JSON files already exist
Skipping scene0057_00: h5py and JSON files already exist
Skipping scene0058_00: h5py and JSON files already exist
Skipping scene0059_00: h5py and JSON files already exist
Skipping scene0060_00: h5py and JSON files already exist
Skipping scene0061_00: h5py and JSON files already exist
Skipping scene0062_00: h5py and JSON files already exist
Skipping scene0063_00: h5py and JSON files already exist
Skipping scene0064_00: h5py and JSON files already exist
Skipping scene0065_00: h5py and JSON files already exist
Skipping scene0066_00: h5py and JSON files already exist
Skipping scene0067_00: h5py and JSON files already exist
Skipping scene0068_00: h5py and JSON files already exist
Skipping scene0070_00: h5py and JSON files already exist
Skipping scene0072_00: h5py and JSON files already exist
Skipping scene0073_00: h5py and JSON files already exist
Skipping scene0075_00: h5py and JSON files already exist
Skipping scene0076_00: h5py and JSON files already exist
Skipping scene0077_00: h5py and JSON files already exist
Skipping scene0078_00: h5py and JSON files already exist
Skipping scene0079_00: h5py and JSON files already exist
Skipping scene0080_00: h5py and JSON files already exist
Skipping scene0081_00: h5py and JSON files already exist
Skipping scene0082_00: h5py and JSON files already exist
Skipping scene0083_00: h5py and JSON files already exist
Skipping scene0084_00: h5py and JSON files already exist
Skipping scene0085_00: h5py and JSON files already exist
Skipping scene0086_00: h5py and JSON files already exist
Skipping scene0087_00: h5py and JSON files already exist
Skipping scene0088_00: h5py and JSON files already exist
Skipping scene0089_00: h5py and JSON files already exist
Skipping scene0090_00: h5py and JSON files already exist
Skipping scene0091_00: h5py and JSON files already exist
Skipping scene0092_00: h5py and JSON files already exist
Skipping scene0093_00: h5py and JSON files already exist
Skipping scene0094_00: h5py and JSON files already exist
Skipping scene0095_00: h5py and JSON files already exist
Skipping scene0096_00: h5py and JSON files already exist
Skipping scene0097_00: h5py and JSON files already exist
Skipping scene0098_00: h5py and JSON files already exist
Skipping scene0100_00: h5py and JSON files already exist
Skipping scene0101_00: h5py and JSON files already exist
Skipping scene0102_00: h5py and JSON files already exist
Skipping scene0103_00: h5py and JSON files already exist
Skipping scene0104_00: h5py and JSON files already exist
Skipping scene0105_00: h5py and JSON files already exist
Skipping scene0106_00: h5py and JSON files already exist
Skipping scene0107_00: h5py and JSON files already exist
Skipping scene0108_00: h5py and JSON files already exist
Skipping scene0109_00: h5py and JSON files already exist
Skipping scene0110_00: h5py and JSON files already exist
Skipping scene0111_00: h5py and JSON files already exist
Skipping scene0112_00: h5py and JSON files already exist
Skipping scene0114_00: h5py and JSON files already exist
Skipping scene0115_00: h5py and JSON files already exist
Skipping scene0116_00: h5py and JSON files already exist
Skipping scene0117_00: h5py and JSON files already exist
Skipping scene0118_00: h5py and JSON files already exist
Skipping scene0119_00: h5py and JSON files already exist
Skipping scene0120_00: h5py and JSON files already exist
Skipping scene0121_00: h5py and JSON files already exist
Skipping scene0122_00: h5py and JSON files already exist
Skipping scene0123_00: h5py and JSON files already exist
Skipping scene0124_00: h5py and JSON files already exist
Skipping scene0126_00: h5py and JSON files already exist
Skipping scene0127_00: h5py and JSON files already exist
Skipping scene0128_00: h5py and JSON files already exist
Skipping scene0129_00: h5py and JSON files already exist
Skipping scene0130_00: h5py and JSON files already exist
Skipping scene0131_00: h5py and JSON files already exist
Skipping scene0132_00: h5py and JSON files already exist
Skipping scene0133_00: h5py and JSON files already exist
Skipping scene0134_00: h5py and JSON files already exist
Skipping scene0135_00: h5py and JSON files already exist
Skipping scene0136_00: h5py and JSON files already exist
Skipping scene0137_00: h5py and JSON files already exist
Skipping scene0138_00: h5py and JSON files already exist
Skipping scene0139_00: h5py and JSON files already exist
Skipping scene0140_00: h5py and JSON files already exist
Skipping scene0141_00: h5py and JSON files already exist
Skipping scene0142_00: h5py and JSON files already exist
Skipping scene0143_00: h5py and JSON files already exist
Skipping scene0144_00: h5py and JSON files already exist
Skipping scene0145_00: h5py and JSON files already exist
Skipping scene0146_00: h5py and JSON files already exist
Skipping scene0147_00: h5py and JSON files already exist
Skipping scene0149_00: h5py and JSON files already exist
Skipping scene0150_00: h5py and JSON files already exist
Skipping scene0151_00: h5py and JSON files already exist
Skipping scene0152_00: h5py and JSON files already exist
Skipping scene0153_00: h5py and JSON files already exist
Skipping scene0155_00: h5py and JSON files already exist
Skipping scene0156_00: h5py and JSON files already exist
Skipping scene0157_00: h5py and JSON files already exist
Skipping scene0158_00: h5py and JSON files already exist
Skipping scene0159_00: h5py and JSON files already exist
Skipping scene0160_00: h5py and JSON files already exist
Skipping scene0162_00: h5py and JSON files already exist
Skipping scene0163_00: h5py and JSON files already exist
Skipping scene0164_00: h5py and JSON files already exist
Skipping scene0165_00: h5py and JSON files already exist
Skipping scene0166_00: h5py and JSON files already exist
Skipping scene0167_00: h5py and JSON files already exist
Skipping scene0168_00: h5py and JSON files already exist
Skipping scene0169_00: h5py and JSON files already exist
Skipping scene0170_00: h5py and JSON files already exist
Skipping scene0171_00: h5py and JSON files already exist
Skipping scene0172_00: h5py and JSON files already exist
Skipping scene0173_00: h5py and JSON files already exist
Skipping scene0174_00: h5py and JSON files already exist
Skipping scene0175_00: h5py and JSON files already exist
Skipping scene0177_00: h5py and JSON files already exist
Skipping scene0178_00: h5py and JSON files already exist
Skipping scene0179_00: h5py and JSON files already exist
Skipping scene0180_00: h5py and JSON files already exist
Skipping scene0181_00: h5py and JSON files already exist
Skipping scene0184_00: h5py and JSON files already exist
Skipping scene0185_00: h5py and JSON files already exist
Skipping scene0186_00: h5py and JSON files already exist
Skipping scene0187_00: h5py and JSON files already exist
Skipping scene0188_00: h5py and JSON files already exist
Skipping scene0189_00: h5py and JSON files already exist
Skipping scene0191_00: h5py and JSON files already exist
Skipping scene0194_00: h5py and JSON files already exist
Skipping scene0195_00: h5py and JSON files already exist
Skipping scene0196_00: h5py and JSON files already exist
Skipping scene0197_00: h5py and JSON files already exist
Skipping scene0198_00: h5py and JSON files already exist
Skipping scene0199_00: h5py and JSON files already exist
Skipping scene0200_00: h5py and JSON files already exist
Skipping scene0201_00: h5py and JSON files already exist
Skipping scene0202_00: h5py and JSON files already exist
Skipping scene0203_00: h5py and JSON files already exist
Skipping scene0204_00: h5py and JSON files already exist
Skipping scene0206_00: h5py and JSON files already exist
Skipping scene0207_00: h5py and JSON files already exist
Skipping scene0208_00: h5py and JSON files already exist
Skipping scene0209_00: h5py and JSON files already exist
Skipping scene0210_00: h5py and JSON files already exist
Skipping scene0211_00: h5py and JSON files already exist
Skipping scene0212_00: h5py and JSON files already exist
Skipping scene0213_00: h5py and JSON files already exist
Skipping scene0214_00: h5py and JSON files already exist
Skipping scene0215_00: h5py and JSON files already exist
Skipping scene0217_00: h5py and JSON files already exist
Skipping scene0218_00: h5py and JSON files already exist
Skipping scene0220_00: h5py and JSON files already exist
Skipping scene0221_00: h5py and JSON files already exist
Skipping scene0222_00: h5py and JSON files already exist
Skipping scene0223_00: h5py and JSON files already exist
Skipping scene0224_00: h5py and JSON files already exist
Skipping scene0225_00: h5py and JSON files already exist
Skipping scene0226_00: h5py and JSON files already exist
Skipping scene0227_00: h5py and JSON files already exist
Skipping scene0229_00: h5py and JSON files already exist
Skipping scene0230_00: h5py and JSON files already exist
Skipping scene0231_00: h5py and JSON files already exist
Skipping scene0232_00: h5py and JSON files already exist
Skipping scene0233_00: h5py and JSON files already exist
Skipping scene0234_00: h5py and JSON files already exist
Skipping scene0235_00: h5py and JSON files already exist
Skipping scene0236_00: h5py and JSON files already exist
Skipping scene0237_00: h5py and JSON files already exist
Skipping scene0238_00: h5py and JSON files already exist
Skipping scene0239_00: h5py and JSON files already exist
Skipping scene0240_00: h5py and JSON files already exist
Skipping scene0241_00: h5py and JSON files already exist
Skipping scene0242_00: h5py and JSON files already exist
Skipping scene0243_00: h5py and JSON files already exist
Skipping scene0244_00: h5py and JSON files already exist
Skipping scene0245_00: h5py and JSON files already exist
Skipping scene0246_00: h5py and JSON files already exist
Skipping scene0247_00: h5py and JSON files already exist
Skipping scene0248_00: h5py and JSON files already exist
Skipping scene0249_00: h5py and JSON files already exist
Skipping scene0250_00: h5py and JSON files already exist
Skipping scene0251_00: h5py and JSON files already exist
Skipping scene0252_00: h5py and JSON files already exist
Skipping scene0253_00: h5py and JSON files already exist
Skipping scene0254_00: h5py and JSON files already exist
Skipping scene0255_00: h5py and JSON files already exist
Skipping scene0256_00: h5py and JSON files already exist
Skipping scene0257_00: h5py and JSON files already exist
Skipping scene0258_00: h5py and JSON files already exist
Skipping scene0259_00: h5py and JSON files already exist
Skipping scene0260_00: h5py and JSON files already exist
Skipping scene0261_00: h5py and JSON files already exist
Skipping scene0262_00: h5py and JSON files already exist
Skipping scene0263_00: h5py and JSON files already exist
Skipping scene0264_00: h5py and JSON files already exist
Skipping scene0265_00: h5py and JSON files already exist
Skipping scene0266_00: h5py and JSON files already exist
Skipping scene0267_00: h5py and JSON files already exist
Skipping scene0268_00: h5py and JSON files already exist
Skipping scene0270_00: h5py and JSON files already exist
Skipping scene0271_00: h5py and JSON files already exist
Skipping scene0272_00: h5py and JSON files already exist
Skipping scene0273_00: h5py and JSON files already exist
Skipping scene0274_00: h5py and JSON files already exist
Skipping scene0275_00: h5py and JSON files already exist
Skipping scene0276_00: h5py and JSON files already exist
Skipping scene0277_00: h5py and JSON files already exist
Skipping scene0278_00: h5py and JSON files already exist
Skipping scene0279_00: h5py and JSON files already exist
Skipping scene0280_00: h5py and JSON files already exist
Skipping scene0281_00: h5py and JSON files already exist
Skipping scene0282_00: h5py and JSON files already exist
Skipping scene0283_00: h5py and JSON files already exist
Skipping scene0284_00: h5py and JSON files already exist
Skipping scene0285_00: h5py and JSON files already exist
Skipping scene0286_00: h5py and JSON files already exist
Skipping scene0287_00: h5py and JSON files already exist
Skipping scene0288_00: h5py and JSON files already exist
Skipping scene0289_00: h5py and JSON files already exist
Skipping scene0291_00: h5py and JSON files already exist
Skipping scene0292_00: h5py and JSON files already exist
Skipping scene0294_00: h5py and JSON files already exist
Skipping scene0295_00: h5py and JSON files already exist
Skipping scene0296_00: h5py and JSON files already exist
Skipping scene0297_00: h5py and JSON files already exist
Skipping scene0298_00: h5py and JSON files already exist
Skipping scene0299_00: h5py and JSON files already exist
Skipping scene0300_00: h5py and JSON files already exist
Skipping scene0301_00: h5py and JSON files already exist
Skipping scene0302_00: h5py and JSON files already exist
Skipping scene0303_00: h5py and JSON files already exist
Skipping scene0305_00: h5py and JSON files already exist
Skipping scene0306_00: h5py and JSON files already exist
Skipping scene0307_00: h5py and JSON files already exist
Skipping scene0308_00: h5py and JSON files already exist
Skipping scene0309_00: h5py and JSON files already exist
Skipping scene0310_00: h5py and JSON files already exist
Skipping scene0311_00: h5py and JSON files already exist
Skipping scene0312_00: h5py and JSON files already exist
Skipping scene0313_00: h5py and JSON files already exist
Skipping scene0314_00: h5py and JSON files already exist
Skipping scene0315_00: h5py and JSON files already exist
Skipping scene0316_00: h5py and JSON files already exist
Skipping scene0317_00: h5py and JSON files already exist
Skipping scene0319_00: h5py and JSON files already exist
Skipping scene0320_00: h5py and JSON files already exist
Skipping scene0321_00: h5py and JSON files already exist
Skipping scene0322_00: h5py and JSON files already exist
Skipping scene0323_00: h5py and JSON files already exist
Skipping scene0324_00: h5py and JSON files already exist
Skipping scene0325_00: h5py and JSON files already exist
Skipping scene0326_00: h5py and JSON files already exist
Skipping scene0327_00: h5py and JSON files already exist
Skipping scene0328_00: h5py and JSON files already exist
Skipping scene0329_00: h5py and JSON files already exist
Skipping scene0330_00: h5py and JSON files already exist
Skipping scene0331_00: h5py and JSON files already exist
Skipping scene0332_00: h5py and JSON files already exist
Skipping scene0333_00: h5py and JSON files already exist
Skipping scene0335_00: h5py and JSON files already exist
Skipping scene0336_00: h5py and JSON files already exist
Skipping scene0338_00: h5py and JSON files already exist
Skipping scene0339_00: h5py and JSON files already exist
Skipping scene0340_00: h5py and JSON files already exist
Skipping scene0341_00: h5py and JSON files already exist
Skipping scene0342_00: h5py and JSON files already exist
Skipping scene0343_00: h5py and JSON files already exist
Skipping scene0344_00: h5py and JSON files already exist
Skipping scene0345_00: h5py and JSON files already exist
Skipping scene0346_00: h5py and JSON files already exist
Skipping scene0347_00: h5py and JSON files already exist
Skipping scene0348_00: h5py and JSON files already exist
Skipping scene0350_00: h5py and JSON files already exist
Skipping scene0351_00: h5py and JSON files already exist
Skipping scene0352_00: h5py and JSON files already exist
Skipping scene0353_00: h5py and JSON files already exist
Skipping scene0354_00: h5py and JSON files already exist
Skipping scene0355_00: h5py and JSON files already exist
Skipping scene0356_00: h5py and JSON files already exist
Skipping scene0357_00: h5py and JSON files already exist
Skipping scene0358_00: h5py and JSON files already exist
Skipping scene0359_00: h5py and JSON files already exist
Skipping scene0361_00: h5py and JSON files already exist
Skipping scene0362_00: h5py and JSON files already exist
Skipping scene0363_00: h5py and JSON files already exist
Skipping scene0364_00: h5py and JSON files already exist
Skipping scene0365_00: h5py and JSON files already exist
Skipping scene0366_00: h5py and JSON files already exist
Skipping scene0367_00: h5py and JSON files already exist
Skipping scene0368_00: h5py and JSON files already exist
Skipping scene0369_00: h5py and JSON files already exist
Skipping scene0370_00: h5py and JSON files already exist
Skipping scene0371_00: h5py and JSON files already exist
Skipping scene0372_00: h5py and JSON files already exist
Skipping scene0373_00: h5py and JSON files already exist
Skipping scene0374_00: h5py and JSON files already exist
Skipping scene0375_00: h5py and JSON files already exist
Skipping scene0376_00: h5py and JSON files already exist
Skipping scene0377_00: h5py and JSON files already exist
Skipping scene0378_00: h5py and JSON files already exist
Skipping scene0379_00: h5py and JSON files already exist
Skipping scene0380_00: h5py and JSON files already exist
Skipping scene0382_00: h5py and JSON files already exist
Skipping scene0383_00: h5py and JSON files already exist
Skipping scene0384_00: h5py and JSON files already exist
Skipping scene0385_00: h5py and JSON files already exist
Skipping scene0386_00: h5py and JSON files already exist
Skipping scene0387_00: h5py and JSON files already exist
Skipping scene0388_00: h5py and JSON files already exist
Skipping scene0389_00: h5py and JSON files already exist
Skipping scene0390_00: h5py and JSON files already exist
Skipping scene0391_00: h5py and JSON files already exist
Skipping scene0392_00: h5py and JSON files already exist
Skipping scene0393_00: h5py and JSON files already exist
Skipping scene0395_00: h5py and JSON files already exist
Skipping scene0396_00: h5py and JSON files already exist
Skipping scene0397_00: h5py and JSON files already exist
Skipping scene0398_00: h5py and JSON files already exist
Skipping scene0399_00: h5py and JSON files already exist
Skipping scene0400_00: h5py and JSON files already exist
Skipping scene0401_00: h5py and JSON files already exist
Skipping scene0402_00: h5py and JSON files already exist
Skipping scene0403_00: h5py and JSON files already exist
Skipping scene0404_00: h5py and JSON files already exist
Skipping scene0406_00: h5py and JSON files already exist
Skipping scene0407_00: h5py and JSON files already exist
Skipping scene0409_00: h5py and JSON files already exist
Skipping scene0410_00: h5py and JSON files already exist
Skipping scene0411_00: h5py and JSON files already exist
Skipping scene0412_00: h5py and JSON files already exist
Skipping scene0413_00: h5py and JSON files already exist
Skipping scene0414_00: h5py and JSON files already exist
Skipping scene0415_00: h5py and JSON files already exist
Skipping scene0416_00: h5py and JSON files already exist
Skipping scene0417_00: h5py and JSON files already exist
Skipping scene0418_00: h5py and JSON files already exist
Skipping scene0419_00: h5py and JSON files already exist
Skipping scene0420_00: h5py and JSON files already exist
Skipping scene0422_00: h5py and JSON files already exist
Skipping scene0424_00: h5py and JSON files already exist
Skipping scene0425_00: h5py and JSON files already exist
Skipping scene0426_00: h5py and JSON files already exist
Skipping scene0427_00: h5py and JSON files already exist
Skipping scene0428_00: h5py and JSON files already exist
Skipping scene0429_00: h5py and JSON files already exist
Skipping scene0430_00: h5py and JSON files already exist
Skipping scene0431_00: h5py and JSON files already exist
Skipping scene0433_00: h5py and JSON files already exist
Skipping scene0434_00: h5py and JSON files already exist
Skipping scene0435_00: h5py and JSON files already exist
Skipping scene0436_00: h5py and JSON files already exist
Skipping scene0437_00: h5py and JSON files already exist
Skipping scene0438_00: h5py and JSON files already exist
Skipping scene0439_00: h5py and JSON files already exist
Skipping scene0440_00: h5py and JSON files already exist
Skipping scene0441_00: h5py and JSON files already exist
Skipping scene0442_00: h5py and JSON files already exist
Skipping scene0443_00: h5py and JSON files already exist
Skipping scene0445_00: h5py and JSON files already exist
Skipping scene0446_00: h5py and JSON files already exist
Skipping scene0447_00: h5py and JSON files already exist
Skipping scene0448_00: h5py and JSON files already exist
Skipping scene0449_00: h5py and JSON files already exist
Skipping scene0450_00: h5py and JSON files already exist
Skipping scene0451_00: h5py and JSON files already exist
Skipping scene0452_00: h5py and JSON files already exist
Skipping scene0453_00: h5py and JSON files already exist
Skipping scene0455_00: h5py and JSON files already exist
Skipping scene0456_00: h5py and JSON files already exist
Skipping scene0457_00: h5py and JSON files already exist
Skipping scene0458_00: h5py and JSON files already exist
Skipping scene0459_00: h5py and JSON files already exist
Skipping scene0460_00: h5py and JSON files already exist
Skipping scene0462_00: h5py and JSON files already exist
Skipping scene0463_00: h5py and JSON files already exist
Skipping scene0464_00: h5py and JSON files already exist
Skipping scene0465_00: h5py and JSON files already exist
Skipping scene0466_00: h5py and JSON files already exist
Skipping scene0467_00: h5py and JSON files already exist
Skipping scene0468_00: h5py and JSON files already exist
Skipping scene0469_00: h5py and JSON files already exist
Skipping scene0470_00: h5py and JSON files already exist
Skipping scene0472_00: h5py and JSON files already exist
Skipping scene0473_00: h5py and JSON files already exist
Skipping scene0474_00: h5py and JSON files already exist
Skipping scene0475_00: h5py and JSON files already exist
Skipping scene0476_00: h5py and JSON files already exist
Skipping scene0477_00: h5py and JSON files already exist
Skipping scene0478_00: h5py and JSON files already exist
Skipping scene0479_00: h5py and JSON files already exist
Skipping scene0480_00: h5py and JSON files already exist
Skipping scene0481_00: h5py and JSON files already exist
Skipping scene0482_00: h5py and JSON files already exist
Skipping scene0483_00: h5py and JSON files already exist
Skipping scene0485_00: h5py and JSON files already exist
Skipping scene0486_00: h5py and JSON files already exist
Skipping scene0487_00: h5py and JSON files already exist
Skipping scene0488_00: h5py and JSON files already exist
Skipping scene0489_00: h5py and JSON files already exist
Skipping scene0490_00: h5py and JSON files already exist
Skipping scene0492_00: h5py and JSON files already exist
Skipping scene0493_00: h5py and JSON files already exist
Skipping scene0494_00: h5py and JSON files already exist
Skipping scene0495_00: h5py and JSON files already exist
Skipping scene0496_00: h5py and JSON files already exist
Skipping scene0497_00: h5py and JSON files already exist
Skipping scene0498_00: h5py and JSON files already exist
Skipping scene0499_00: h5py and JSON files already exist
Skipping scene0500_00: h5py and JSON files already exist
Skipping scene0501_00: h5py and JSON files already exist
Skipping scene0502_00: h5py and JSON files already exist
Skipping scene0503_00: h5py and JSON files already exist
Skipping scene0504_00: h5py and JSON files already exist
Skipping scene0505_00: h5py and JSON files already exist
Skipping scene0506_00: h5py and JSON files already exist
Skipping scene0507_00: h5py and JSON files already exist
Skipping scene0508_00: h5py and JSON files already exist
Skipping scene0509_00: h5py and JSON files already exist
Skipping scene0510_00: h5py and JSON files already exist
Skipping scene0511_00: h5py and JSON files already exist
Skipping scene0512_00: h5py and JSON files already exist
Skipping scene0513_00: h5py and JSON files already exist
Skipping scene0514_00: h5py and JSON files already exist
Skipping scene0515_00: h5py and JSON files already exist
Skipping scene0516_00: h5py and JSON files already exist
Skipping scene0517_00: h5py and JSON files already exist
Skipping scene0518_00: h5py and JSON files already exist
Skipping scene0519_00: h5py and JSON files already exist
Skipping scene0520_00: h5py and JSON files already exist
Skipping scene0521_00: h5py and JSON files already exist
Skipping scene0522_00: h5py and JSON files already exist
Skipping scene0523_00: h5py and JSON files already exist
Skipping scene0524_00: h5py and JSON files already exist
Skipping scene0525_00: h5py and JSON files already exist
Skipping scene0527_00: h5py and JSON files already exist
Skipping scene0528_00: h5py and JSON files already exist
Skipping scene0529_00: h5py and JSON files already exist
Skipping scene0530_00: h5py and JSON files already exist
Skipping scene0532_00: h5py and JSON files already exist
Skipping scene0533_00: h5py and JSON files already exist
Skipping scene0534_00: h5py and JSON files already exist
Skipping scene0535_00: h5py and JSON files already exist
Skipping scene0536_00: h5py and JSON files already exist
Skipping scene0537_00: h5py and JSON files already exist
Skipping scene0538_00: h5py and JSON files already exist
Skipping scene0539_00: h5py and JSON files already exist
Skipping scene0540_00: h5py and JSON files already exist
Skipping scene0541_00: h5py and JSON files already exist
Skipping scene0542_00: h5py and JSON files already exist
Skipping scene0544_00: h5py and JSON files already exist
Skipping scene0545_00: h5py and JSON files already exist
Skipping scene0546_00: h5py and JSON files already exist
Skipping scene0548_00: h5py and JSON files already exist
Skipping scene0549_00: h5py and JSON files already exist
Skipping scene0551_00: h5py and JSON files already exist
Skipping scene0552_00: h5py and JSON files already exist
Skipping scene0553_00: h5py and JSON files already exist
Skipping scene0554_00: h5py and JSON files already exist
Skipping scene0555_00: h5py and JSON files already exist
Skipping scene0556_00: h5py and JSON files already exist
Skipping scene0557_00: h5py and JSON files already exist
Skipping scene0558_00: h5py and JSON files already exist
Skipping scene0559_00: h5py and JSON files already exist
Skipping scene0560_00: h5py and JSON files already exist
Skipping scene0562_00: h5py and JSON files already exist
Skipping scene0563_00: h5py and JSON files already exist
Skipping scene0564_00: h5py and JSON files already exist
Skipping scene0565_00: h5py and JSON files already exist
Skipping scene0566_00: h5py and JSON files already exist
Skipping scene0567_00: h5py and JSON files already exist
Skipping scene0569_00: h5py and JSON files already exist
Skipping scene0570_00: h5py and JSON files already exist
Skipping scene0571_00: h5py and JSON files already exist
Skipping scene0572_00: h5py and JSON files already exist
Skipping scene0573_00: h5py and JSON files already exist
Skipping scene0574_00: h5py and JSON files already exist
Skipping scene0575_00: h5py and JSON files already exist
Skipping scene0576_00: h5py and JSON files already exist
Skipping scene0577_00: h5py and JSON files already exist
Skipping scene0578_00: h5py and JSON files already exist
Skipping scene0579_00: h5py and JSON files already exist
Skipping scene0580_00: h5py and JSON files already exist
Skipping scene0581_00: h5py and JSON files already exist
Skipping scene0582_00: h5py and JSON files already exist
Skipping scene0583_00: h5py and JSON files already exist
Skipping scene0584_00: h5py and JSON files already exist
Skipping scene0585_00: h5py and JSON files already exist
Skipping scene0586_00: h5py and JSON files already exist
Skipping scene0589_00: h5py and JSON files already exist
Skipping scene0590_00: h5py and JSON files already exist
Skipping scene0591_00: h5py and JSON files already exist
Skipping scene0592_00: h5py and JSON files already exist
Skipping scene0593_00: h5py and JSON files already exist
Skipping scene0594_00: h5py and JSON files already exist
Skipping scene0595_00: h5py and JSON files already exist
Skipping scene0596_00: h5py and JSON files already exist
Skipping scene0597_00: h5py and JSON files already exist
Skipping scene0598_00: h5py and JSON files already exist
Skipping scene0599_00: h5py and JSON files already exist
Skipping scene0601_00: h5py and JSON files already exist
Skipping scene0602_00: h5py and JSON files already exist
Skipping scene0603_00: h5py and JSON files already exist
Skipping scene0604_00: h5py and JSON files already exist
Skipping scene0605_00: h5py and JSON files already exist
Skipping scene0606_00: h5py and JSON files already exist
Skipping scene0607_00: h5py and JSON files already exist
Skipping scene0608_00: h5py and JSON files already exist
Skipping scene0609_00: h5py and JSON files already exist
Skipping scene0610_00: h5py and JSON files already exist
Skipping scene0611_00: h5py and JSON files already exist
Skipping scene0612_00: h5py and JSON files already exist
Skipping scene0613_00: h5py and JSON files already exist
Skipping scene0614_00: h5py and JSON files already exist
Skipping scene0615_00: h5py and JSON files already exist
Skipping scene0616_00: h5py and JSON files already exist
Skipping scene0617_00: h5py and JSON files already exist
Skipping scene0618_00: h5py and JSON files already exist
Skipping scene0619_00: h5py and JSON files already exist
Skipping scene0620_00: h5py and JSON files already exist
Skipping scene0621_00: h5py and JSON files already exist
Skipping scene0622_00: h5py and JSON files already exist
Skipping scene0623_00: h5py and JSON files already exist
Skipping scene0624_00: h5py and JSON files already exist
Skipping scene0625_00: h5py and JSON files already exist
Skipping scene0626_00: h5py and JSON files already exist
Skipping scene0627_00: h5py and JSON files already exist
Skipping scene0628_00: h5py and JSON files already exist
Skipping scene0629_00: h5py and JSON files already exist
Skipping scene0630_00: h5py and JSON files already exist
Skipping scene0631_00: h5py and JSON files already exist
Skipping scene0633_00: h5py and JSON files already exist
Skipping scene0634_00: h5py and JSON files already exist
Skipping scene0635_00: h5py and JSON files already exist
Skipping scene0637_00: h5py and JSON files already exist
Skipping scene0639_00: h5py and JSON files already exist
Skipping scene0640_00: h5py and JSON files already exist
Skipping scene0641_00: h5py and JSON files already exist
Skipping scene0642_00: h5py and JSON files already exist
Skipping scene0643_00: h5py and JSON files already exist
Skipping scene0644_00: h5py and JSON files already exist
Skipping scene0645_00: h5py and JSON files already exist
Skipping scene0646_00: h5py and JSON files already exist
Skipping scene0648_00: h5py and JSON files already exist
Skipping scene0649_00: h5py and JSON files already exist
Skipping scene0650_00: h5py and JSON files already exist
Skipping scene0651_00: h5py and JSON files already exist
Skipping scene0652_00: h5py and JSON files already exist
Skipping scene0653_00: h5py and JSON files already exist
Skipping scene0654_00: h5py and JSON files already exist
Skipping scene0655_00: h5py and JSON files already exist
Skipping scene0656_00: h5py and JSON files already exist
Skipping scene0657_00: h5py and JSON files already exist
Skipping scene0658_00: h5py and JSON files already exist
Skipping scene0661_00: h5py and JSON files already exist
Skipping scene0662_00: h5py and JSON files already exist
Skipping scene0663_00: h5py and JSON files already exist
Skipping scene0664_00: h5py and JSON files already exist
Skipping scene0665_00: h5py and JSON files already exist
Skipping scene0666_00: h5py and JSON files already exist
Skipping scene0667_00: h5py and JSON files already exist
Skipping scene0668_00: h5py and JSON files already exist
Skipping scene0670_00: h5py and JSON files already exist
Skipping scene0671_00: h5py and JSON files already exist
Skipping scene0672_00: h5py and JSON files already exist
Skipping scene0673_00: h5py and JSON files already exist
Skipping scene0674_00: h5py and JSON files already exist
Skipping scene0675_00: h5py and JSON files already exist
Skipping scene0676_00: h5py and JSON files already exist
Skipping scene0677_00: h5py and JSON files already exist
Skipping scene0678_00: h5py and JSON files already exist
Skipping scene0679_00: h5py and JSON files already exist
Skipping scene0680_00: h5py and JSON files already exist
Skipping scene0681_00: h5py and JSON files already exist
Skipping scene0682_00: h5py and JSON files already exist
Skipping scene0683_00: h5py and JSON files already exist
Skipping scene0685_00: h5py and JSON files already exist
Skipping scene0686_00: h5py and JSON files already exist
Skipping scene0687_00: h5py and JSON files already exist
Skipping scene0688_00: h5py and JSON files already exist
Skipping scene0689_00: h5py and JSON files already exist
Skipping scene0690_00: h5py and JSON files already exist
Skipping scene0691_00: h5py and JSON files already exist
Skipping scene0692_00: h5py and JSON files already exist
Skipping scene0693_00: h5py and JSON files already exist
Skipping scene0694_00: h5py and JSON files already exist
Skipping scene0695_00: h5py and JSON files already exist
Skipping scene0696_00: h5py and JSON files already exist
Skipping scene0697_00: h5py and JSON files already exist
Skipping scene0698_00: h5py and JSON files already exist
Skipping scene0699_00: h5py and JSON files already exist
Skipping scene0700_00: h5py and JSON files already exist
Skipping scene0702_00: h5py and JSON files already exist
Skipping scene0703_00: h5py and JSON files already exist
Skipping scene0704_00: h5py and JSON files already exist
Skipping scene0705_00: h5py and JSON files already exist
Skipping scene0706_00: h5py and JSON files already exist
Found 650 scene folders total
Skipping 644 scenes that already have h5py files
Processing 6 scenes
Using 32 worker processes for parallel processing
Processed scene0600_00: 1317 images saved to images.hdf5
Processed scene0568_00: 1651 images saved to images.hdf5
Processed scene0547_00: 2040 images saved to images.hdf5
Processed scene0588_00: 3357 images saved to images.hdf5
Processed scene0550_00: 3915 images saved to images.hdf5
Processed scene0394_00: 4162 images saved to images.hdf5
Successfully processed 650/650 scenes
  (644 were already processed and skipped)
Processing complete. Successfully processed 650 scenes.
